Using environment 'https://10.0.0.6:25555' as client 'admin'

Using deployment 'apiserver'

Task 71

Task 71 | 10:44:40 | Downloading remote release: Downloading remote release (00:00:04)
Task 71 | 10:44:44 | Verifying remote release: Verifying remote release (00:00:01)
Task 71 | 10:44:45 | Extracting release: Extracting release (00:00:01)
Task 71 | 10:44:46 | Verifying manifest: Verifying manifest (00:00:00)
Task 71 | 10:44:46 | Resolving package dependencies: Resolving package dependencies (00:00:00)
Task 71 | 10:44:46 | Processing 4 existing packages: Processing 4 existing packages (00:00:00)
Task 71 | 10:44:46 | Processing 2 existing jobs: Processing 2 existing jobs (00:00:00)
Task 71 | 10:44:46 | Release has been created: bpm/0.4.0 (00:00:00)

Task 71 Started  Sun Oct  7 10:44:40 UTC 2018
Task 71 Finished Sun Oct  7 10:44:46 UTC 2018
Task 71 Duration 00:00:06
Task 71 done
+ azs:
+ - name: z1
+ - name: z2
+ - name: z3
  
+ vm_types:
+ - name: minimal
+ - name: small
+ - name: small-highmem
+ - name: default
  
+ vm_extensions:
+ - name: 5GB_ephemeral_disk
+ - name: 10GB_ephemeral_disk
+ - name: 50GB_ephemeral_disk
+ - name: 100GB_ephemeral_disk
+ - name: 500GB_ephemeral_disk
+ - name: 1TB_ephemeral_disk
+ - cloud_properties:
+     ports:
+     - host: 80
+     - host: 443
+     - host: 2222
+   name: ssh-proxy-and-router-lb
+ - cloud_properties:
+     ports:
+     - host: 1024-1123
+   name: cf-tcp-router-network-properties
+ - cloud_properties:
+     ports:
+     - host: 8845
+   name: credhub-lb
  
+ compilation:
+   az: z1
+   network: default
+   reuse_compilation_vms: true
+   vm_type: minimal
+   workers: 6
  
+ networks:
+ - name: default
+   subnets:
+   - azs:
+     - z1
+     - z2
+     - z3
+     cloud_properties:
+       name: random
+     gateway: 10.244.0.1
+     range: 10.244.0.0/20
+     reserved:
+     - 10.244.0.1
+     static:
+     - 10.244.0.2 - 10.244.14.254
  
+ disk_types:
+ - disk_size: 1024
+   name: 1GB
+ - disk_size: 5120
+   name: 5GB
+ - disk_size: 10240
+   name: 10GB
+ - disk_size: 100240
+   name: 100GB
+ - disk_size: 1024
+   name: default
  
+ stemcells:
+ - alias: default
+   os: ubuntu-trusty
+   version: '3586.42'
  
+ releases:
+ - name: bpm
+   sha1: 5a03b988c725c6b5a1aed247c8c23c2bff9d421b
+   url: https://bosh.io/d/github.com/cloudfoundry-incubator/bpm-release?v=0.4.0
+   version: 0.12.3
+ - name: service-fabrik
+   version: 3.70.0
+ - name: cfcr-etcd
+   version: 1.4.0
+ - name: bosh-dns
+   sha1: 3b77329a772483d6c949f1a47ba9734976bc2b31
+   url: https://bosh.io/d/github.com/cloudfoundry/bosh-dns-release?v=1.8.0
+   version: 1.8.0
  
+ update:
+   canaries: 1
+   canary_watch_time: 1000-60000
+   max_in_flight: 1
+   serial: true
+   update_watch_time: 1000-60000
  
+ addons:
+ - include:
+     stemcell:
+     - os: ubuntu-trusty
+     - os: ubuntu-xenial
+   jobs:
+   - name: bosh-dns
+     properties:
+       api:
+         client:
+           tls: "<redacted>"
+         server:
+           tls: "<redacted>"
+       cache:
+         enabled: "<redacted>"
+       health:
+         client:
+           tls: "<redacted>"
+         enabled: "<redacted>"
+         server:
+           tls: "<redacted>"
+     release: bosh-dns
+   name: bosh-dns
+ - include:
+     stemcell:
+     - os: windows2012R2
+     - os: windows2016
+     - os: windows1803
+   jobs:
+   - name: bosh-dns-windows
+     properties:
+       api:
+         client:
+           tls: "<redacted>"
+         server:
+           tls: "<redacted>"
+       cache:
+         enabled: "<redacted>"
+       health:
+         client:
+           tls: "<redacted>"
+         enabled: "<redacted>"
+         server:
+           tls: "<redacted>"
+     release: bosh-dns
+   name: bosh-dns-windows
  
+ variables:
+ - name: "/dns_healthcheck_tls_ca"
+   options:
+     common_name: dns-healthcheck-tls-ca
+     is_ca: true
+   type: certificate
+ - name: "/dns_healthcheck_server_tls"
+   options:
+     ca: "/dns_healthcheck_tls_ca"
+     common_name: health.bosh-dns
+     extended_key_usage:
+     - server_auth
+   type: certificate
+ - name: "/dns_healthcheck_client_tls"
+   options:
+     ca: "/dns_healthcheck_tls_ca"
+     common_name: health.bosh-dns
+     extended_key_usage:
+     - client_auth
+   type: certificate
+ - name: "/dns_api_tls_ca"
+   options:
+     common_name: dns-api-tls-ca
+     is_ca: true
+   type: certificate
+ - name: "/dns_api_server_tls"
+   options:
+     ca: "/dns_api_tls_ca"
+     common_name: api.bosh-dns
+     extended_key_usage:
+     - server_auth
+   type: certificate
+ - name: "/dns_api_client_tls"
+   options:
+     ca: "/dns_api_tls_ca"
+     common_name: api.bosh-dns
+     extended_key_usage:
+     - client_auth
+   type: certificate
  
+ instance_groups:
+ - azs:
+   - z1
+   instances: 3
+   jobs:
+   - name: service-fabrik-apiserver
+     properties:
+       admin-password: "<redacted>"
+       admin-username: "<redacted>"
+       backend_port: "<redacted>"
+       etcd:
+         ssl:
+           ca: "<redacted>"
+           crt: "<redacted>"
+           key: "<redacted>"
+         url:
+         - "<redacted>"
+         - "<redacted>"
+         - "<redacted>"
+       ip: "<redacted>"
+       port: "<redacted>"
+       tls:
+         apiserver:
+           ca: "<redacted>"
+           certificate: "<redacted>"
+           private_key: "<redacted>"
+     release: service-fabrik
+   - name: etcd
+     properties:
+       tls:
+         etcd:
+           ca: "<redacted>"
+           certificate: "<redacted>"
+           private_key: "<redacted>"
+         etcdctl:
+           ca: "<redacted>"
+           certificate: "<redacted>"
+           private_key: "<redacted>"
+         peer:
+           ca: "<redacted>"
+           certificate: "<redacted>"
+           private_key: "<redacted>"
+     provides:
+       etcd:
+         as: etcd
+     release: cfcr-etcd
+   - name: bpm
+     release: bpm
+   name: etcd
+   networks:
+   - name: default
+     static_ips:
+     - 10.244.14.252
+     - 10.244.14.253
+     - 10.244.14.254
+   persistent_disk_type: 10GB
+   stemcell: default
+   vm_type: small
  
+ name: apiserver

Task 72

Task 72 | 10:44:51 | Preparing deployment: Preparing deployment (00:00:03)
Task 72 | 10:44:56 | Preparing package compilation: Finding packages to compile (00:00:00)
Task 72 | 10:44:56 | Compiling packages: apiserver/ee00fa2ff035bd24094425d8b91a730cfa86ab1e (00:00:22)
Task 72 | 10:45:18 | Creating missing vms: etcd/55f26eef-c0f3-4144-b62c-72d8933c35a7 (0)
Task 72 | 10:45:18 | Creating missing vms: etcd/7c48b37f-0edf-4c5d-8d49-bb951c6683a0 (1)
Task 72 | 10:45:18 | Creating missing vms: etcd/dd4e4f6c-2faf-4c74-9451-b03bc787d03f (2)
Task 72 | 10:45:30 | Creating missing vms: etcd/55f26eef-c0f3-4144-b62c-72d8933c35a7 (0) (00:00:12)
Task 72 | 10:45:30 | Creating missing vms: etcd/dd4e4f6c-2faf-4c74-9451-b03bc787d03f (2) (00:00:12)
Task 72 | 10:45:30 | Creating missing vms: etcd/7c48b37f-0edf-4c5d-8d49-bb951c6683a0 (1) (00:00:12)
Task 72 | 10:45:31 | Updating instance etcd: etcd/55f26eef-c0f3-4144-b62c-72d8933c35a7 (0) (canary) (00:00:34)
Task 72 | 10:46:05 | Updating instance etcd: etcd/7c48b37f-0edf-4c5d-8d49-bb951c6683a0 (1) (00:00:54)
Task 72 | 10:46:59 | Updating instance etcd: etcd/dd4e4f6c-2faf-4c74-9451-b03bc787d03f (2) (00:00:34)

Task 72 Started  Sun Oct  7 10:44:51 UTC 2018
Task 72 Finished Sun Oct  7 10:47:33 UTC 2018
Task 72 Duration 00:02:42
Task 72 done

Succeeded
