Using environment 'https://10.0.0.6:25555' as client 'admin'

Using deployment 'apiserver'

Task 55

Task 55 | 17:14:33 | Downloading remote release: Downloading remote release (00:00:07)
Task 55 | 17:14:40 | Verifying remote release: Verifying remote release (00:00:00)
Task 55 | 17:14:40 | Extracting release: Extracting release (00:00:01)
Task 55 | 17:14:41 | Verifying manifest: Verifying manifest (00:00:00)
Task 55 | 17:14:41 | Resolving package dependencies: Resolving package dependencies (00:00:00)
Task 55 | 17:14:41 | Processing 4 existing packages: Processing 4 existing packages (00:00:00)
Task 55 | 17:14:41 | Processing 2 existing jobs: Processing 2 existing jobs (00:00:00)
Task 55 | 17:14:41 | Release has been created: bpm/0.4.0 (00:00:00)

Task 55 Started  Sat Oct  6 17:14:33 UTC 2018
Task 55 Finished Sat Oct  6 17:14:41 UTC 2018
Task 55 Duration 00:00:08
Task 55 done
+ azs:
+ - name: z1
+ - name: z2
+ - name: z3
  
+ vm_types:
+ - name: minimal
+ - name: small
+ - name: small-highmem
+ - name: default
  
+ vm_extensions:
+ - name: 5GB_ephemeral_disk
+ - name: 10GB_ephemeral_disk
+ - name: 50GB_ephemeral_disk
+ - name: 100GB_ephemeral_disk
+ - name: 500GB_ephemeral_disk
+ - name: 1TB_ephemeral_disk
+ - cloud_properties:
+     ports:
+     - host: 80
+     - host: 443
+     - host: 2222
+   name: ssh-proxy-and-router-lb
+ - cloud_properties:
+     ports:
+     - host: 1024-1123
+   name: cf-tcp-router-network-properties
+ - cloud_properties:
+     ports:
+     - host: 8845
+   name: credhub-lb
  
+ compilation:
+   az: z1
+   network: default
+   reuse_compilation_vms: true
+   vm_type: minimal
+   workers: 6
  
+ networks:
+ - name: default
+   subnets:
+   - azs:
+     - z1
+     - z2
+     - z3
+     cloud_properties:
+       name: random
+     gateway: 10.244.0.1
+     range: 10.244.0.0/20
+     reserved:
+     - 10.244.0.1
+     static:
+     - 10.244.0.2 - 10.244.14.254
  
+ disk_types:
+ - disk_size: 1024
+   name: 1GB
+ - disk_size: 5120
+   name: 5GB
+ - disk_size: 10240
+   name: 10GB
+ - disk_size: 100240
+   name: 100GB
+ - disk_size: 1024
+   name: default
  
+ stemcells:
+ - alias: default
+   os: ubuntu-trusty
+   version: '3586.42'
  
+ releases:
+ - name: bpm
+   sha1: 5a03b988c725c6b5a1aed247c8c23c2bff9d421b
+   url: https://bosh.io/d/github.com/cloudfoundry-incubator/bpm-release?v=0.4.0
+   version: 0.12.3
+ - name: service-fabrik
+   version: 3.70.0+dev.3
+ - name: cfcr-etcd
+   version: 1.4.0
+ - name: bosh-dns
+   sha1: 3b77329a772483d6c949f1a47ba9734976bc2b31
+   url: https://bosh.io/d/github.com/cloudfoundry/bosh-dns-release?v=1.8.0
+   version: 1.8.0
  
+ update:
+   canaries: 1
+   canary_watch_time: 1000-60000
+   max_in_flight: 1
+   serial: true
+   update_watch_time: 1000-60000
  
+ addons:
+ - include:
+     stemcell:
+     - os: ubuntu-trusty
+     - os: ubuntu-xenial
+   jobs:
+   - name: bosh-dns
+     properties:
+       api:
+         client:
+           tls: "<redacted>"
+         server:
+           tls: "<redacted>"
+       cache:
+         enabled: "<redacted>"
+       health:
+         client:
+           tls: "<redacted>"
+         enabled: "<redacted>"
+         server:
+           tls: "<redacted>"
+     release: bosh-dns
+   name: bosh-dns
+ - include:
+     stemcell:
+     - os: windows2012R2
+     - os: windows2016
+     - os: windows1803
+   jobs:
+   - name: bosh-dns-windows
+     properties:
+       api:
+         client:
+           tls: "<redacted>"
+         server:
+           tls: "<redacted>"
+       cache:
+         enabled: "<redacted>"
+       health:
+         client:
+           tls: "<redacted>"
+         enabled: "<redacted>"
+         server:
+           tls: "<redacted>"
+     release: bosh-dns
+   name: bosh-dns-windows
  
+ variables:
+ - name: "/dns_healthcheck_tls_ca"
+   options:
+     common_name: dns-healthcheck-tls-ca
+     is_ca: true
+   type: certificate
+ - name: "/dns_healthcheck_server_tls"
+   options:
+     ca: "/dns_healthcheck_tls_ca"
+     common_name: health.bosh-dns
+     extended_key_usage:
+     - server_auth
+   type: certificate
+ - name: "/dns_healthcheck_client_tls"
+   options:
+     ca: "/dns_healthcheck_tls_ca"
+     common_name: health.bosh-dns
+     extended_key_usage:
+     - client_auth
+   type: certificate
+ - name: "/dns_api_tls_ca"
+   options:
+     common_name: dns-api-tls-ca
+     is_ca: true
+   type: certificate
+ - name: "/dns_api_server_tls"
+   options:
+     ca: "/dns_api_tls_ca"
+     common_name: api.bosh-dns
+     extended_key_usage:
+     - server_auth
+   type: certificate
+ - name: "/dns_api_client_tls"
+   options:
+     ca: "/dns_api_tls_ca"
+     common_name: api.bosh-dns
+     extended_key_usage:
+     - client_auth
+   type: certificate
  
+ instance_groups:
+ - azs:
+   - z1
+   instances: 3
+   jobs:
+   - name: service-fabrik-apiserver
+     properties:
+       admin-password: "<redacted>"
+       admin-username: "<redacted>"
+       backend_port: "<redacted>"
+       etcd:
+         ssl:
+           ca: "<redacted>"
+           crt: "<redacted>"
+           key: "<redacted>"
+         url:
+         - "<redacted>"
+         - "<redacted>"
+         - "<redacted>"
+       ip: "<redacted>"
+       port: "<redacted>"
+       tls:
+         apiserver:
+           ca: "<redacted>"
+           certificate: "<redacted>"
+           private_key: "<redacted>"
+     release: service-fabrik
+   - name: etcd
+     properties:
+       tls:
+         etcd:
+           ca: "<redacted>"
+           certificate: "<redacted>"
+           private_key: "<redacted>"
+         etcdctl:
+           ca: "<redacted>"
+           certificate: "<redacted>"
+           private_key: "<redacted>"
+         peer:
+           ca: "<redacted>"
+           certificate: "<redacted>"
+           private_key: "<redacted>"
+     provides:
+       etcd:
+         as: etcd
+     release: cfcr-etcd
+   - name: bpm
+     release: bpm
+   name: etcd
+   networks:
+   - name: default
+     static_ips:
+     - 10.244.14.252
+     - 10.244.14.253
+     - 10.244.14.254
+   persistent_disk_type: 10GB
+   stemcell: default
+   vm_type: small
  
+ name: apiserver

Task 56

Task 56 | 17:14:43 | Preparing deployment: Preparing deployment (00:00:02)
Task 56 | 17:14:47 | Preparing package compilation: Finding packages to compile (00:00:00)
Task 56 | 17:14:48 | Creating missing vms: etcd/fb836aea-8177-4a12-97bc-5f633781fd49 (0)
Task 56 | 17:14:48 | Creating missing vms: etcd/d3ac7082-1d1b-479d-9429-2db5ff2782c3 (2)
Task 56 | 17:14:48 | Creating missing vms: etcd/e1b2f9c7-1f19-4429-9c5d-4c96d10a09fd (1)
Task 56 | 17:15:00 | Creating missing vms: etcd/d3ac7082-1d1b-479d-9429-2db5ff2782c3 (2) (00:00:12)
Task 56 | 17:15:00 | Creating missing vms: etcd/fb836aea-8177-4a12-97bc-5f633781fd49 (0) (00:00:12)
Task 56 | 17:15:00 | Creating missing vms: etcd/e1b2f9c7-1f19-4429-9c5d-4c96d10a09fd (1) (00:00:12)
Task 56 | 17:15:00 | Updating instance etcd: etcd/fb836aea-8177-4a12-97bc-5f633781fd49 (0) (canary) (00:00:42)
Task 56 | 17:15:42 | Updating instance etcd: etcd/d3ac7082-1d1b-479d-9429-2db5ff2782c3 (2) (00:00:40)
Task 56 | 17:16:22 | Updating instance etcd: etcd/e1b2f9c7-1f19-4429-9c5d-4c96d10a09fd (1) (00:00:50)

Task 56 Started  Sat Oct  6 17:14:43 UTC 2018
Task 56 Finished Sat Oct  6 17:17:12 UTC 2018
Task 56 Duration 00:02:29
Task 56 done

Succeeded
