Using environment 'https://10.0.0.6:25555' as client 'admin'

Using deployment 'cf'

Task 3
Task 4
Task 7
Task 6
Task 5
Task 3 | 09:38:59 | Downloading remote release: Downloading remote release
Task 6 | 09:38:59 | Downloading remote release: Downloading remote release
Task 4 | 09:38:59 | Downloading remote release: Downloading remote release
Task 3 | 09:39:05 | Downloading remote release: Downloading remote release (00:00:06)
Task 3 | 09:39:05 | Verifying remote release: Verifying remote release (00:00:00)
Task 3 | 09:39:05 | Extracting release: Extracting release (00:00:00)
Task 3 | 09:39:05 | Verifying manifest: Verifying manifest (00:00:00)
Task 3 | 09:39:05 | Resolving package dependencies: Resolving package dependencies (00:00:00)
Task 3 | 09:39:05 | Creating new packages: binary-buildpack-cflinuxfs2/aa20ebfc04036683eaee56cb75f30a6b23bec1e8 (00:00:00)
Task 3 | 09:39:05 | Creating new packages: binary-buildpack-cflinuxfs3/1479b59f3e3498f8ac0aed3d8c6d7b2b6217f955 (00:00:00)
Task 3 | 09:39:05 | Creating new packages: binary-buildpack-windows2012R2/44f552bf41b7a434bd2784ef9ef91271506eb96e (00:00:00)
Task 3 | 09:39:05 | Creating new packages: binary-buildpack-windows2016/8a98ceac8d83515fccfeca9cb7b0f3f3fd4b295e (00:00:00)
Task 3 | 09:39:05 | Creating new jobs: binary-buildpack/68cc82adc0d4ba05b502132443ca60fcc07cc201 (00:00:00)
Task 3 | 09:39:05 | Release has been created: binary-buildpack/1.0.25 (00:00:00)

Task 3 Started  Sun Oct  7 09:38:59 UTC 2018
Task 3 Finished Sun Oct  7 09:39:05 UTC 2018
Task 3 Duration 00:00:06
Task 3 done

Task 5 | 09:39:06 | Downloading remote release: Downloading remote release
Task 8
Task 6 | 09:39:13 | Downloading remote release: Downloading remote release (00:00:14)
Task 6 | 09:39:13 | Verifying remote release: Verifying remote release (00:00:01)
Task 6 | 09:39:14 | Extracting release: Extracting release (00:00:03)
Task 6 | 09:39:17 | Verifying manifest: Verifying manifest (00:00:00)
Task 6 | 09:39:17 | Resolving package dependencies: Resolving package dependencies (00:00:00)
Task 6 | 09:39:17 | Creating new packages: acceptance-tests/eb26bf3d396607454068cea0215d8b96d0a188dd (00:00:01)
Task 6 | 09:39:18 | Creating new packages: boost/da228a9d552a039c63123f2a77e0901676a71e52 (00:00:01)
Task 6 | 09:39:20 | Creating new packages: bootstrap/4f60fd28357e6c1d167b503f7983b8ce246a8557
Task 5 | 09:39:22 | Downloading remote release: Downloading remote release (00:00:16)
Task 5 | 09:39:22 | Verifying remote release: Verifying remote release
Task 6 | 09:39:21 | Creating new packages: bootstrap/4f60fd28357e6c1d167b503f7983b8ce246a8557 (00:00:01)
Task 6 | 09:39:21 | Creating new packages: cf-mysql-broker/1b0b2209ec032a662bbe6122d03abbbb40675710 (00:00:01)
Task 6 | 09:39:22 | Creating new packages: cf-mysql-cluster-health-logger/19dc5675219358b70d90ed438b68e745ec0a2a73 (00:00:00)
Task 6 | 09:39:22 | Creating new packages: cf-mysql-common/b0dd848055e84c2014b1bdafd02384d639cb08e0 (00:00:00)
Task 6 | 09:39:22 | Creating new packages: check/d6811f25e9d56428a9b942631c27c9b24f5064dc (00:00:00)
Task 6 | 09:39:22 | Creating new packages: cli/ffcc6e2f36ba09da3e082d4e0ad2a6ee76b9c1f8
Task 5 | 09:39:22 | Verifying remote release: Verifying remote release (00:00:00)
Task 5 | 09:39:22 | Extracting release: Extracting release (00:00:01)
Task 5 | 09:39:24 | Verifying manifest: Verifying manifest (00:00:00)
Task 5 | 09:39:24 | Resolving package dependencies: Resolving package dependencies (00:00:00)
Task 5 | 09:39:24 | Creating new packages: bosh-dns-adapter/8bbba21c882ca6d2e7fb7124b9d91779be3c4327 (00:00:00)
Task 5 | 09:39:24 | Creating new packages: golang-1.10-linux/84480dd6f6ab2d61546f28c05ed2705c9c642607
Task 6 | 09:39:23 | Creating new packages: cli/ffcc6e2f36ba09da3e082d4e0ad2a6ee76b9c1f8 (00:00:01)
Task 6 | 09:39:23 | Creating new packages: cluster-schema-verifier/a2f8659250e5b51a7f5d0b0fdff5dbdc5ee98895 (00:00:00)
Task 6 | 09:39:23 | Creating new packages: galera/f480a48c26d56d050bc0b579ed60750ccf52dadb (00:00:00)
Task 6 | 09:39:23 | Creating new packages: galera-healthcheck/ea0e2e6288d084a9d23632f99711f85e1670bb60 (00:00:00)
Task 6 | 09:39:23 | Creating new packages: generate-auto-tune-mysql/f41b75e326fab5af34f2c488b6be873a1a8ee40b (00:00:00)
Task 6 | 09:39:23 | Creating new packages: golang/1e3f14023f54867deaf02dc187fc59f0afdae03b
Task 5 | 09:39:25 | Creating new packages: golang-1.10-linux/84480dd6f6ab2d61546f28c05ed2705c9c642607 (00:00:01)
Task 5 | 09:39:25 | Creating new packages: networking-ctl-utils/53debda29bc074c9b9753624ef97f142020288d4 (00:00:00)
Task 5 | 09:39:25 | Creating new packages: performance-test-sd/2bdc3cc4d619def4e57844ac88f4373506108fc4 (00:00:01)
Task 5 | 09:39:26 | Creating new packages: policy-server/37e57421b272c5cc946ddbcccbb05b29bb9e0a99 (00:00:00)
Task 5 | 09:39:26 | Creating new packages: runc-cni/6ff28e7a63f1df1b1dbc4320a2bb87d8a98a65e1
Task 6 | 09:39:24 | Creating new packages: golang/1e3f14023f54867deaf02dc187fc59f0afdae03b (00:00:01)
Task 6 | 09:39:24 | Creating new packages: gra-log-purger/2cbbd66b8161a503378af6486f2a0d0ccc987fec (00:00:00)
Task 6 | 09:39:24 | Creating new packages: mariadb/7baa5c2ab22714f55170e71219b7f0205be0878f (00:00:02)
Task 6 | 09:39:26 | Creating new packages: mariadb_ctrl/aa2d98f62993e091cc3cc0c5017db775953bd5bb (00:00:00)
Task 6 | 09:39:26 | Creating new packages: mysqlclient/ce95f8ac566f76b650992987d5282ee473356e43
Task 7 | 09:39:27 | Downloading remote release: Downloading remote release
Task 5 | 09:39:26 | Creating new packages: runc-cni/6ff28e7a63f1df1b1dbc4320a2bb87d8a98a65e1 (00:00:00)
Task 5 | 09:39:26 | Creating new packages: service-discovery-controller/82c460d237b2a9a119cc2377c08cb9dc1ade0ed8 (00:00:00)
Task 5 | 09:39:26 | Creating new jobs: bbr-cfnetworkingdb/d11aa9ec1aaf8c7bb50f7aa2737a5b6189c57427 (00:00:00)
Task 5 | 09:39:26 | Creating new jobs: bosh-dns-adapter/26f0811d713650439adbfa87d11115c215c290af (00:00:00)
Task 5 | 09:39:26 | Creating new jobs: garden-cni/7a026dddb789f0ab3eb11e6881c13705f14e6b52 (00:00:00)
Task 5 | 09:39:26 | Creating new jobs: performance-test-sd/8a77241724a9c9a9e15350d98d4b463978c22e07 (00:00:00)
Task 5 | 09:39:26 | Creating new jobs: policy-server/c0f5ea6a8578430fcb056bdf3a6a046d55b9b802 (00:00:00)
Task 5 | 09:39:26 | Creating new jobs: policy-server-internal/6807a0e670489693f96e3631bad7dafe59870199 (00:00:00)
Task 5 | 09:39:26 | Creating new jobs: service-discovery-controller/aaf56bf4bac709cb9d83f4bd1dc20bc0c87fb34b (00:00:00)
Task 5 | 09:39:26 | Release has been created: cf-networking/2.16.0 (00:00:00)

Task 5 Started  Sun Oct  7 09:39:06 UTC 2018
Task 5 Finished Sun Oct  7 09:39:26 UTC 2018
Task 5 Duration 00:00:20
Task 5 done

Task 6 | 09:39:26 | Creating new packages: mysqlclient/ce95f8ac566f76b650992987d5282ee473356e43 (00:00:00)
Task 6 | 09:39:26 | Creating new packages: python/16de14b5e51a2eb13a9201ded0b7517c8e98f153 (00:00:00)
Task 6 | 09:39:26 | Creating new packages: quota-enforcer/e338890e54acdeeb32af25d5db688e99a8043a90 (00:00:00)
Task 6 | 09:39:26 | Creating new packages: ruby/3461e66d227ee011f9d931f623bd599843ace3b5 (00:00:00)
Task 6 | 09:39:26 | Creating new packages: scons/dbd49f7f2517cdb1853cd5e08eb59219731eb4c6 (00:00:00)
Task 6 | 09:39:26 | Creating new packages: switchboard/96c4273ecad574f8e448d1d7fb3927efdd57e007 (00:00:01)
Task 6 | 09:39:27 | Creating new packages: xtrabackup/e3be0425981cfbd68ce5971505962bf526ae02a4 (00:00:01)
Task 6 | 09:39:28 | Creating new jobs: arbitrator/bf8d40ef35c0d1aa5b814065bd2ff41fc32d78d7 (00:00:00)
Task 6 | 09:39:28 | Creating new jobs: bootstrap/4ca12ef06b2236261da2984bd956c0507e4a75ef (00:00:00)
Task 6 | 09:39:28 | Creating new jobs: broker-registrar/842ab0cbc443c0c5929f6a7a7c2833a7a3be1893 (00:00:00)
Task 6 | 09:39:28 | Creating new jobs: cf-mysql-broker/5cfb1fc7132306dff6a2f036d12bfa0dc0d2ffc7 (00:00:00)
Task 6 | 09:39:28 | Creating new jobs: cf-mysql-broker-user/0cbe66c733d68c0c71711d5b139532a7728aa8d8 (00:00:00)
Task 6 | 09:39:28 | Creating new jobs: deregister-and-purge-instances/94c073d24dac8393925181f85a6207498c7d0e61 (00:00:00)
Task 6 | 09:39:28 | Creating new jobs: mysql/cefd477981d3d28bee244fdb4acb7f3f1d2bf20f (00:00:00)
Task 6 | 09:39:28 | Creating new jobs: proxy/55ac0132cc7354288deb9291f1b06487f489cbf7 (00:00:00)
Task 6 | 09:39:28 | Creating new jobs: rejoin-unsafe/a2b1c9c5017fbe80ff25e1921975026af6bc924a (00:00:00)
Task 6 | 09:39:28 | Creating new jobs: smoke-tests/cabc2f763eb0556e526096a53ab96b15a977f92f (00:00:00)
Task 6 | 09:39:28 | Creating new jobs: smoke-tests-user/a836a949e081486fd44a61db352d6d9bd335f1d0 (00:00:00)
Task 6 | 09:39:28 | Creating new jobs: verify-cluster-schemas/2a049bb02c5a0e76582c6c90d4e06f510fb2638a (00:00:00)
Task 6 | 09:39:28 | Release has been created: cf-mysql/36.15.0 (00:00:00)
Task 8 | 09:39:29 | Downloading remote release: Downloading remote release

Task 6 Started  Sun Oct  7 09:38:59 UTC 2018
Task 6 Finished Sun Oct  7 09:39:28 UTC 2018
Task 6 Duration 00:00:29
Task 6 done

Task 9
Task 10
Task 4 | 09:39:36 | Downloading remote release: Downloading remote release (00:00:37)
Task 4 | 09:39:36 | Verifying remote release: Verifying remote release (00:00:00)
Task 4 | 09:39:36 | Extracting release: Extracting release
Task 7 | 09:39:38 | Downloading remote release: Downloading remote release (00:00:11)
Task 7 | 09:39:38 | Verifying remote release: Verifying remote release (00:00:00)
Task 7 | 09:39:38 | Extracting release: Extracting release (00:00:01)
Task 7 | 09:39:39 | Verifying manifest: Verifying manifest (00:00:00)
Task 7 | 09:39:39 | Resolving package dependencies: Resolving package dependencies (00:00:00)
Task 7 | 09:39:39 | Creating new packages: bpm/d139b63561eaa3893976416be9668dea539bf17d (00:00:00)
Task 7 | 09:39:39 | Creating new packages: bpm-runc/c0b41921c5063378870a7c8867c6dc1aa84e7d85
Task 4 | 09:39:38 | Extracting release: Extracting release (00:00:02)
Task 4 | 09:39:38 | Verifying manifest: Verifying manifest (00:00:00)
Task 4 | 09:39:38 | Resolving package dependencies: Resolving package dependencies (00:00:00)
Task 4 | 09:39:38 | Creating new packages: blobstore_url_signer/5f7248ec7d324ab048c7e25baa95b4e5b0a60424d55790dae6f384006af4fed0 (00:00:00)
Task 4 | 09:39:38 | Creating new packages: capi_utils/0f77e341bdf4d96acd8b84182c125c81e2b50c07be1b4dfa703bf7125ba6a787 (00:00:00)
Task 4 | 09:39:38 | Creating new packages: cc_uploader/db664ee261d1c8992b4aa35e27edc24e1bfbcb753ed40c00e330d48e9c85ecf2 (00:00:00)
Task 4 | 09:39:38 | Creating new packages: cloud_controller_ng/a7e73b91c734202ae283165f1386d1a9b2f7d385796bdff21de5a9c25eb49a7a
Task 7 | 09:39:39 | Creating new packages: bpm-runc/c0b41921c5063378870a7c8867c6dc1aa84e7d85 (00:00:00)
Task 7 | 09:39:39 | Creating new packages: golang/27413c6b5a88ea20a24a9eed74d4b090b7b88331
Task 4 | 09:39:39 | Creating new packages: cloud_controller_ng/a7e73b91c734202ae283165f1386d1a9b2f7d385796bdff21de5a9c25eb49a7a (00:00:01)
Task 4 | 09:39:39 | Creating new packages: golang1.10/16aae7c4e2c51b6514102f00ea9ddf8e6958369da918d2b6a0a112def105b06f (00:00:02)
Task 4 | 09:39:41 | Creating new packages: libpq/211d57d6b1cb796a123433fb736bec6b09fd7a322667c9b9010b970ff78d9bce
Task 8 | 09:39:42 | Downloading remote release: Downloading remote release (00:00:13)
Task 8 | 09:39:42 | Verifying remote release: Verifying remote release (00:00:00)
Task 8 | 09:39:42 | Extracting release: Extracting release
Task 7 | 09:39:41 | Creating new packages: golang/27413c6b5a88ea20a24a9eed74d4b090b7b88331 (00:00:02)
Task 7 | 09:39:41 | Creating new packages: test-server/f09be8f1bb19854024504f4abd74747760b9302c (00:00:00)
Task 7 | 09:39:41 | Creating new jobs: bpm/f18421d8c21c425e94bdb3b2df00f3eca2daef29 (00:00:00)
Task 7 | 09:39:41 | Creating new jobs: test-errand/1ccf9ec7a47043218a7d080a5d674077bfc28529 (00:00:00)
Task 7 | 09:39:41 | Creating new jobs: test-server/80db4f3e3ef3ce7301c5a256357dd158df147a70 (00:00:00)
Task 7 | 09:39:41 | Release has been created: bpm/0.12.3 (00:00:00)

Task 7 Started  Sun Oct  7 09:39:27 UTC 2018
Task 7 Finished Sun Oct  7 09:39:41 UTC 2018
Task 7 Duration 00:00:14
Task 7 done

Task 4 | 09:39:41 | Creating new packages: libpq/211d57d6b1cb796a123433fb736bec6b09fd7a322667c9b9010b970ff78d9bce (00:00:00)
Task 4 | 09:39:41 | Creating new packages: mariadb_connector_c/214543bbb1d7499acdbdb44a7323430a635a77fa004f4fd4dbaf4e544291b072 (00:00:00)
Task 4 | 09:39:41 | Creating new packages: nfs-debs/f89315135046369328a63309e936b6577df59876f5e372032e255cfc2f2e3959 (00:00:00)
Task 4 | 09:39:41 | Creating new packages: nginx/9dfaa5ca530563d7c5446171522a92080e4ac1b517e50183e740647a6255aaca (00:00:00)
Task 4 | 09:39:41 | Creating new packages: nginx_newrelic_plugin/70737ccb2088b16e99e9f59a60ce36e8d5037c3a40b1d960bef02f51391f1fa4 (00:00:00)
Task 4 | 09:39:41 | Creating new packages: nginx_webdav/219bbff55c17e25e5ccf090491cb9ffee77f4eefc12e2d21e7ed1d520f6b01be (00:00:00)
Task 4 | 09:39:41 | Creating new packages: ruby-2.4/3039953c744ddbd4f337ad9561efe37cc707c02f97638b6554c3aecb36953051 (00:00:00)
Task 4 | 09:39:41 | Creating new packages: tps/87405e0b41a2a36f0031df7b663d4918fe734101c70fe35a5cb44f24203b4de4 (00:00:01)
Task 4 | 09:39:42 | Creating new jobs: bbr-cloudcontrollerdb/d99f56ad84b82fb036ae09b6fc19a1b17d109f514a39c0a147244b4badf228db (00:00:00)
Task 4 | 09:39:42 | Creating new jobs: blobstore/bfb859489434c69efc1e7a65e2b403a3607f75abe4dbeb9973071ab4c5ea5442 (00:00:00)
Task 4 | 09:39:42 | Creating new jobs: cc_deployment_updater/edffdda680d77e48afcfc71ab38cfd803e36bac939165fa7933286591a86dcc6 (00:00:00)
Task 4 | 09:39:42 | Creating new jobs: cc_route_syncer/9ffacc766119fad5cf8151b1ccd2de580bbe74e9fe344c1124c26fa0bf129755 (00:00:00)
Task 4 | 09:39:42 | Creating new jobs: cc_uploader/48a27d57a9f2734d80a4d91028dac176dff87d75a445beed5ed3a15493f0b560 (00:00:00)
Task 4 | 09:39:42 | Creating new jobs: cloud_controller_clock/a7704923ca032da7340f528f23267c4592125f821cd3995f1570b9d34992f38f (00:00:00)
Task 4 | 09:39:42 | Creating new jobs: cloud_controller_ng/4ef5a0e4bcdbb2dca57f689ea6bdd98e9291fc546aae3ad93ea7f4e378b9beaa (00:00:00)
Task 4 | 09:39:42 | Creating new jobs: cloud_controller_worker/a4e83c521ea5bfdeb5afaf79fd7ce270177d80c65f9ac77d97a5a4183e77ca14 (00:00:00)
Task 4 | 09:39:42 | Creating new jobs: nfs_mounter/aded03099c1546e4f989457b671728a9fbf61247825345536fc89037871f7721 (00:00:00)
Task 4 | 09:39:42 | Creating new jobs: rotate_cc_database_key/e6d7be08d0de74fe85de51989d78d218480883d47996f2756e66e08b2364430d
Task 9 | 09:39:42 | Downloading remote release: Downloading remote release
Task 8 | 09:39:43 | Extracting release: Extracting release (00:00:01)
Task 8 | 09:39:43 | Verifying manifest: Verifying manifest (00:00:00)
Task 8 | 09:39:43 | Resolving package dependencies: Resolving package dependencies (00:00:00)
Task 8 | 09:39:43 | Creating new packages: golang/e6771b55504d8f11d6ef82fa89d61c730ff7e002
Task 4 | 09:39:42 | Creating new jobs: rotate_cc_database_key/e6d7be08d0de74fe85de51989d78d218480883d47996f2756e66e08b2364430d (00:00:00)
Task 4 | 09:39:42 | Creating new jobs: tps/1d9f1d0bc8d2ac40e88792a27a119d1807a7e0e2b88335a1c798855af5df4ad6 (00:00:00)
Task 4 | 09:39:42 | Release has been created: capi/1.69.0 (00:00:00)

Task 4 Started  Sun Oct  7 09:38:59 UTC 2018
Task 4 Finished Sun Oct  7 09:39:42 UTC 2018
Task 4 Duration 00:00:43
Task 4 done

Task 10 | 09:39:43 | Downloading remote release: Downloading remote release
Task 8 | 09:39:44 | Creating new packages: golang/e6771b55504d8f11d6ef82fa89d61c730ff7e002 (00:00:01)
Task 8 | 09:39:45 | Creating new packages: smoke_tests/f194704e496cac261102c15243ce8404e917b375 (00:00:00)
Task 8 | 09:39:45 | Creating new jobs: smoke_tests/64c3aa84a8eb9a10cb0f15f077a5683a4554dc57 (00:00:00)
Task 8 | 09:39:45 | Release has been created: cf-smoke-tests/40.0.9 (00:00:00)

Task 8 Started  Sun Oct  7 09:39:29 UTC 2018
Task 8 Finished Sun Oct  7 09:39:45 UTC 2018
Task 8 Duration 00:00:16
Task 8 done

Task 11

Task 11 | 09:39:45 | Downloading remote release: Downloading remote release
Task 12
Task 13
Task 10 | 09:40:14 | Downloading remote release: Downloading remote release (00:00:31)
Task 10 | 09:40:14 | Verifying remote release: Verifying remote release (00:00:01)
Task 10 | 09:40:15 | Extracting release: Extracting release (00:00:02)
Task 10 | 09:40:17 | Verifying manifest: Verifying manifest (00:00:00)
Task 10 | 09:40:17 | Resolving package dependencies: Resolving package dependencies (00:00:00)
Task 10 | 09:40:17 | Creating new packages: cflinuxfs2/1c7a1b7f94b9a0be4a965eeff422bcbb023eb22a (00:00:03)
Task 10 | 09:40:20 | Creating new jobs: cflinuxfs2-rootfs-setup/db642f93f71de482f049b7289487160fac2c9d3c (00:00:00)
Task 10 | 09:40:20 | Creating new jobs: cflinuxfs2-smoke-test/1fb4c1f9a4781f0a94fc4a7f10d2762361e8d3a5 (00:00:00)
Task 10 | 09:40:20 | Release has been created: cflinuxfs2/1.238.0 (00:00:00)
Task 9 | 09:40:21 | Downloading remote release: Downloading remote release (00:00:39)
Task 9 | 09:40:21 | Verifying remote release: Verifying remote release
Task 12 | 09:40:21 | Downloading remote release: Downloading remote release

Task 10 Started  Sun Oct  7 09:39:43 UTC 2018
Task 10 Finished Sun Oct  7 09:40:20 UTC 2018
Task 10 Duration 00:00:37
Task 10 done

Task 9 | 09:40:22 | Verifying remote release: Verifying remote release (00:00:01)
Task 9 | 09:40:22 | Extracting release: Extracting release (00:00:01)
Task 9 | 09:40:23 | Verifying manifest: Verifying manifest (00:00:00)
Task 9 | 09:40:23 | Resolving package dependencies: Resolving package dependencies (00:00:00)
Task 9 | 09:40:23 | Creating new packages: adapter/ac84952221cdf00f6c4d826e43c3bb962b6ff3db51fd88a7a19fc3fd997ef20c (00:00:00)
Task 9 | 09:40:23 | Creating new packages: fake_consumer/4aec5e73a74d09dd024c9008f4f19809f213c5b008b47f25d11bc50c729383ec (00:00:00)
Task 9 | 09:40:23 | Creating new packages: fake_cups_provider/b72c076347c40720715ce068dc1e0d5d460d6b56dd642901fac1a16205fe8894 (00:00:00)
Task 9 | 09:40:23 | Creating new packages: fake_logs_provider/10e7b7ce8cf1cd1e188ef22d7673bbed9e5feac298c7c3ee6123acc5726bc8fa (00:00:00)
Task 9 | 09:40:23 | Creating new packages: golang1.10.3/16aae7c4e2c51b6514102f00ea9ddf8e6958369da918d2b6a0a112def105b06f
Task 14
Task 9 | 09:40:29 | Creating new packages: golang1.10.3/16aae7c4e2c51b6514102f00ea9ddf8e6958369da918d2b6a0a112def105b06f (00:00:06)
Task 9 | 09:40:29 | Creating new packages: scheduler/08878130259ebf628ea42065ad894503489e03036e9be575d0cfa9148334755b (00:00:00)
Task 9 | 09:40:29 | Creating new jobs: adapter/aa1e9f2bb1917c9ebfca251735a7b47bc15bf79e6b2652f977747914a4f17de6 (00:00:00)
Task 9 | 09:40:29 | Creating new jobs: fake_consumer/04a1c5e55b40828d54150e3a5796341fa71d769a04e81b457ec65af42ac1ab51 (00:00:00)
Task 9 | 09:40:29 | Creating new jobs: fake_cups_provider/dcede6087f4d57b2a23fa458ae3d082dfe82de7befffd28df438b2b0fa5cdd55 (00:00:00)
Task 9 | 09:40:29 | Creating new jobs: fake_logs_provider/4c46ea83e5d89c10c958a82b0abfe554af00d56c8c2189f9f89b810109cd1421 (00:00:00)
Task 9 | 09:40:29 | Creating new jobs: scheduler/8455ed350dd92d86a0bc67dbcd2a66119475710b6c1d736959da388a37818ee4 (00:00:00)
Task 9 | 09:40:29 | Release has been created: cf-syslog-drain/7.1 (00:00:00)

Task 9 Started  Sun Oct  7 09:39:42 UTC 2018
Task 9 Finished Sun Oct  7 09:40:29 UTC 2018
Task 9 Duration 00:00:47
Task 9 done

Task 13 | 09:40:30 | Downloading remote release: Downloading remote release
Task 11 | 09:40:32 | Downloading remote release: Downloading remote release (00:00:47)
Task 11 | 09:40:32 | Verifying remote release: Verifying remote release (00:00:01)
Task 11 | 09:40:33 | Extracting release: Extracting release
Task 15
Task 11 | 09:40:35 | Extracting release: Extracting release (00:00:02)
Task 11 | 09:40:35 | Verifying manifest: Verifying manifest (00:00:00)
Task 11 | 09:40:35 | Resolving package dependencies: Resolving package dependencies (00:00:00)
Task 11 | 09:40:35 | Creating new packages: acceptance-tests/d730e9bb3b7764f972876fd7ceef96e6b873cb619696eaf3b5907f3bdcf42819 (00:00:00)
Task 11 | 09:40:35 | Creating new packages: acceptance-tests-windows/07d70885811df1977cbb7bdfb9cbeb2b9a74edc25a05cd8bb1a28c6f386206ec (00:00:01)
Task 11 | 09:40:36 | Creating new packages: confab/fa5c57dcb567e965a51bb3e444d3375fe46ca10a7c3516e1c6bb05377e0e8931 (00:00:01)
Task 11 | 09:40:37 | Creating new packages: confab-windows/939e5ff88e71167371c187e44d6f5dc6e6b08ab3b760cd9ecfa6bbb35fe1a6bc (00:00:01)
Task 11 | 09:40:38 | Creating new packages: consul/aa267a2e570e051b5b24b0029f8dc9ee3bccc443e4e6c8db7a90bbde04586054 (00:00:01)
Task 11 | 09:40:39 | Creating new packages: consul-windows/ed50fbfcfef13de31c13e68048861dd8b28b9eb7f55309745703704abb68ce7f (00:00:00)
Task 11 | 09:40:39 | Creating new packages: golang-1-linux/d55c618ac63dfdf4ac457346fb325fb2b04884af (00:00:06)
Task 11 | 09:40:45 | Creating new packages: golang-1-windows/db3472d3474d0e599c51f07058e171ec295a89a2
Task 12 | 09:40:47 | Downloading remote release: Downloading remote release (00:00:26)
Task 12 | 09:40:47 | Verifying remote release: Verifying remote release (00:00:00)
Task 12 | 09:40:47 | Extracting release: Extracting release (00:00:02)
Task 12 | 09:40:49 | Verifying manifest: Verifying manifest (00:00:00)
Task 12 | 09:40:52 | Resolving package dependencies: Resolving package dependencies
Task 11 | 09:40:53 | Creating new packages: golang-1-windows/db3472d3474d0e599c51f07058e171ec295a89a2 (00:00:08)
Task 11 | 09:40:53 | Creating new jobs: acceptance-tests/fad3cbef6e7d07b87a968aab6fcd712df22e2faa87070d6e483cd41c38dcf1b1 (00:00:00)
Task 11 | 09:40:53 | Creating new jobs: consul-test-consumer/683fd76e52f413cb97f759f8333baf7809a17afa340941b1ca7681de2566bbca (00:00:00)
Task 11 | 09:40:53 | Creating new jobs: consul-test-consumer-windows/21ba1939056dde71518892b518ad8ad3b4aeb082f882d46a09b9ec06f74a7b2b (00:00:00)
Task 11 | 09:40:53 | Creating new jobs: consul_agent/4d9f62c27ad733c2de3ebb7ebd4005c6ddfd73f34f3e7481f04431adcbab5de0 (00:00:00)
Task 11 | 09:40:53 | Creating new jobs: consul_agent_windows/30c0bde7c87c8273d6d0b8a348882a8151b4c267f4509b092abb87dc569dfce3
Task 12 | 09:40:52 | Resolving package dependencies: Resolving package dependencies (00:00:00)
Task 12 | 09:40:53 | Creating new packages: configurator/0d632a3a9b06f3777bea07d61807ca06ece24dee (00:00:01)
Task 12 | 09:40:54 | Creating new packages: credhub/31910de76153bd0158eff3fb185777026b4ff154
Task 11 | 09:40:53 | Creating new jobs: consul_agent_windows/30c0bde7c87c8273d6d0b8a348882a8151b4c267f4509b092abb87dc569dfce3 (00:00:00)
Task 11 | 09:40:54 | Creating new jobs: fake-dns-server/66c04aa3958499f7f3abe8455286e13a1e7e9818057f32494e61cd8e510991f7 (00:00:00)
Task 11 | 09:40:54 | Release has been created: consul/196 (00:00:00)

Task 11 Started  Sun Oct  7 09:39:45 UTC 2018
Task 11 Finished Sun Oct  7 09:40:54 UTC 2018
Task 11 Duration 00:01:09
Task 11 done

Task 14 | 09:40:55 | Downloading remote release: Downloading remote release
Task 12 | 09:40:55 | Creating new packages: credhub/31910de76153bd0158eff3fb185777026b4ff154 (00:00:01)
Task 12 | 09:40:55 | Creating new packages: golang-1.9-linux/8d6c67abda8684ce454f0bc74050a213456573ff (00:00:01)
Task 12 | 09:40:56 | Creating new packages: lunaclient/b922e045db5246ec742f0c4d1496844942d6167a (00:00:00)
Task 12 | 09:40:56 | Creating new packages: openjdk_1.8.0/c8846344bf802835ce8b1229de8fa2028d06f603 (00:00:01)
Task 12 | 09:40:57 | Creating new jobs: bbr-credhubdb/89fd3efdc47e492258e6fa0e3fcec9c1c2bd97ca (00:00:00)
Task 12 | 09:40:57 | Creating new jobs: credhub/985151fd964e886f4e60237c4f7ff970ee401dc4 (00:00:00)
Task 12 | 09:40:57 | Release has been created: credhub/1.9.5 (00:00:00)
Task 15 | 09:40:58 | Downloading remote release: Downloading remote release
Task 16

Task 12 Started  Sun Oct  7 09:40:21 UTC 2018
Task 12 Finished Sun Oct  7 09:40:57 UTC 2018
Task 12 Duration 00:00:36
Task 12 done

Task 13 | 09:41:02 | Downloading remote release: Downloading remote release (00:00:32)
Task 13 | 09:41:02 | Verifying remote release: Verifying remote release
Task 17
Task 13 | 09:41:02 | Verifying remote release: Verifying remote release (00:00:00)
Task 13 | 09:41:02 | Extracting release: Extracting release
Task 14 | 09:41:05 | Downloading remote release: Downloading remote release (00:00:10)
Task 14 | 09:41:05 | Verifying remote release: Verifying remote release (00:00:00)
Task 14 | 09:41:05 | Extracting release: Extracting release (00:00:00)
Task 14 | 09:41:05 | Verifying manifest: Verifying manifest (00:00:00)
Task 14 | 09:41:05 | Resolving package dependencies: Resolving package dependencies (00:00:00)
Task 14 | 09:41:05 | Creating new packages: dotnet-core-buildpack-cflinuxfs2/2372bd94a852520115db555937bd85f7b114f43f (00:00:00)
Task 14 | 09:41:05 | Creating new packages: dotnet-core-buildpack-cflinuxfs3/896a1a14e824fb6d02e9b0670ce271680a860e1e (00:00:00)
Task 14 | 09:41:05 | Creating new jobs: dotnet-core-buildpack/e461c627d7067e7bb788efa8a51f148621c62e7d (00:00:00)
Task 14 | 09:41:05 | Release has been created: dotnet-core-buildpack/2.1.4 (00:00:00)
Task 13 | 09:41:05 | Extracting release: Extracting release (00:00:03)
Task 13 | 09:41:05 | Verifying manifest: Verifying manifest (00:00:00)
Task 13 | 09:41:05 | Resolving package dependencies: Resolving package dependencies (00:00:00)
Task 13 | 09:41:05 | Creating new packages: auctioneer/fed968b14fc8ebf556447df59e05afcd4486928e3038daa2dfacce2dc86e0097 (00:00:00)
Task 13 | 09:41:05 | Creating new packages: bbs/6086e6ee199101582550f26558f75c538e523df22d101d282eb3729578e2d9a8 (00:00:00)
Task 13 | 09:41:05 | Creating new packages: benchmark-bbs/43a405af2d8ef4f462e3e68a5d49720f09f78dba7915c445701ea5dfc713a5da (00:00:00)
Task 13 | 09:41:05 | Creating new packages: buildpack_app_lifecycle/3c44a5edf39d30c6a825f522660a9e9dff915a2540238568a2968b3941c4acc1 (00:00:00)
Task 13 | 09:41:05 | Creating new packages: certsplitter/fe1cfa89d614a8438e4cbcff5a7b5d56d333e19278a992a433c596ddad9b737d (00:00:00)
Task 13 | 09:41:05 | Creating new packages: certsplitter_windows/af843d808049d1a0fb53d2bb97e93b91ea34931dee827f425731d8c121cb6675 (00:00:00)
Task 13 | 09:41:05 | Creating new packages: cfdot/30edaf96b41851c08b719d1d26bec4839ec04b47d0ecb61de6c1aeebe6a09709 (00:00:00)
Task 13 | 09:41:05 | Creating new packages: diego-sshd/ec2d3611c09d4e1e5050e822e871dc04acac037c7ad4a3bf7d65a9440693beb1 (00:00:01)
Task 13 | 09:41:06 | Creating new packages: docker_app_lifecycle/9c43d1638b91523c8cfe11f93da3c592702061e854dceb260c8ac807e7124520
Task 16 | 09:41:06 | Downloading remote release: Downloading remote release

Task 14 Started  Sun Oct  7 09:40:55 UTC 2018
Task 14 Finished Sun Oct  7 09:41:05 UTC 2018
Task 14 Duration 00:00:10
Task 14 done

Task 13 | 09:41:06 | Creating new packages: docker_app_lifecycle/9c43d1638b91523c8cfe11f93da3c592702061e854dceb260c8ac807e7124520 (00:00:00)
Task 13 | 09:41:06 | Creating new packages: file_server/6ab29d44cf55315abd7a63a37fd289664aff8c836c0a1bddca6d39732eb5071e (00:00:00)
Task 13 | 09:41:06 | Creating new packages: golang-1-linux/d55c618ac63dfdf4ac457346fb325fb2b04884af
Task 16 | 09:41:07 | Downloading remote release: Downloading remote release (00:00:01)
Task 16 | 09:41:07 | Verifying remote release: Verifying remote release (00:00:00)
Task 16 | 09:41:07 | Extracting release: Extracting release (00:00:00)
Task 16 | 09:41:07 | Verifying manifest: Verifying manifest (00:00:00)
Task 16 | 09:41:07 | Resolving package dependencies: Resolving package dependencies (00:00:00)
Task 16 | 09:41:07 | Creating new packages: go-buildpack-cflinuxfs2/1312bc3d3c7a944eb93e505f48171d12164b1c42 (00:00:00)
Task 16 | 09:41:07 | Creating new packages: go-buildpack-cflinuxfs3/c8ae32aae2e3e751ef37fd3185c135a9d48f51c7 (00:00:00)
Task 16 | 09:41:07 | Creating new jobs: go-buildpack/29b9d8977df6a6f589251956d531347b0db647dd (00:00:00)
Task 16 | 09:41:07 | Release has been created: go-buildpack/1.8.26 (00:00:00)

Task 16 Started  Sun Oct  7 09:41:06 UTC 2018
Task 16 Finished Sun Oct  7 09:41:07 UTC 2018
Task 16 Duration 00:00:01
Task 16 done

Task 17 | 09:41:08 | Downloading remote release: Downloading remote release (00:00:01)
Task 17 | 09:41:09 | Verifying remote release: Verifying remote release (00:00:01)
Task 17 | 09:41:10 | Extracting release: Extracting release (00:00:00)
Task 17 | 09:41:10 | Verifying manifest: Verifying manifest (00:00:00)
Task 17 | 09:41:10 | Resolving package dependencies: Resolving package dependencies (00:00:00)
Task 17 | 09:41:10 | Creating new packages: java-buildpack-cflinuxfs2/afb99a4c844168336dda24c189d9b779dcd82159 (00:00:00)
Task 17 | 09:41:10 | Creating new packages: java-buildpack-cflinuxfs3/3263d32b02319292a57f687b6f96e97f1a224f7a (00:00:00)
Task 17 | 09:41:10 | Creating new jobs: java-buildpack/48d0e82f5e4251fb782b18b908995e55a68988cd (00:00:00)
Task 17 | 09:41:10 | Release has been created: java-buildpack/4.15 (00:00:00)
Task 15 | 09:41:09 | Downloading remote release: Downloading remote release (00:00:11)
Task 15 | 09:41:09 | Verifying remote release: Verifying remote release (00:00:01)
Task 15 | 09:41:10 | Extracting release: Extracting release
Task 18

Task 17 Started  Sun Oct  7 09:41:08 UTC 2018
Task 17 Finished Sun Oct  7 09:41:10 UTC 2018
Task 17 Duration 00:00:02
Task 17 done

Task 18 | 09:41:10 | Downloading remote release: Downloading remote release
Task 13 | 09:41:12 | Creating new packages: golang-1-linux/d55c618ac63dfdf4ac457346fb325fb2b04884af (00:00:06)
Task 13 | 09:41:12 | Creating new packages: golang-1-windows/db3472d3474d0e599c51f07058e171ec295a89a2
Task 19
Task 15 | 09:41:12 | Extracting release: Extracting release (00:00:02)
Task 15 | 09:41:12 | Verifying manifest: Verifying manifest (00:00:00)
Task 15 | 09:41:13 | Resolving package dependencies: Resolving package dependencies (00:00:00)
Task 15 | 09:41:13 | Creating new packages: apparmor/0133a2288b0f71d05d89bd117c957297ad19cd19c0253236ba0ce4dedeb27186 (00:00:00)
Task 15 | 09:41:13 | Creating new packages: autoconf/4f8914a0ada02006da32066d2e374e2a065d3acafbceb60ffd45ea146df7af1f (00:00:00)
Task 15 | 09:41:13 | Creating new packages: automake/f11b0c20f9b9a5de955bbe1cb877e836a8841ddf88407b25ebbe9d31e3992858 (00:00:00)
Task 15 | 09:41:13 | Creating new packages: busybox/02b86e9e891e78294e366cfc3361514b752308952f56b954f7a6ae31961f859c (00:00:00)
Task 15 | 09:41:13 | Creating new packages: containerd/1eb394d0042c3fa5b8446bd9e9b0d455f9264879e2313ae0cd7caa3a80cfdac4 (00:00:00)
Task 15 | 09:41:13 | Creating new packages: garden-idmapper/1ef383f9edc4ea3704bc8e306c8a3986598676b03e1ba6eb8e5302f0a6027935 (00:00:00)
Task 15 | 09:41:13 | Creating new packages: golang/16d30b2f9b19b8c6b38bdab2445c763208f162a3acd9eae69efe2c70e17132c5 (00:00:05)
Task 15 | 09:41:18 | Creating new packages: golang-windows/ba57d2ab623b13b1532da21f46fc407a51980b20349136d9967a877844accf26
Task 20
Task 13 | 09:41:20 | Creating new packages: golang-1-windows/db3472d3474d0e599c51f07058e171ec295a89a2 (00:00:08)
Task 13 | 09:41:20 | Creating new packages: healthcheck/4e2e7c1a8da89599b75b90754381f78c51afa173c6e68a143e692bd1d5103a3d (00:00:01)
Task 13 | 09:41:21 | Creating new packages: healthcheck_windows/69d73f4d739140b7a47fbc42c8aad77cf607aecc5c3371ee476bcf1d72887340 (00:00:00)
Task 13 | 09:41:21 | Creating new packages: locket/6b53e78830595136c29e7a985c4f316113656c9debaf9605f3df5c095c65eab5 (00:00:00)
Task 13 | 09:41:21 | Creating new packages: pid_utils/fbac6dd5889d4c4b0d5a7190cea8a36b9fc6fef8e78ce094c04f66129681ec9a (00:00:00)
Task 13 | 09:41:21 | Creating new packages: proxy/8ec116448b211df572bcc108cb9c42f7bbb064180d1011a0520ba1d9e96d0735 (00:00:00)
Task 13 | 09:41:21 | Creating new packages: rep/70f6b91af1856126065b194b792525e4feb1e8e03812034bdef89f6f0e1db537
Task 15 | 09:41:20 | Creating new packages: golang-windows/ba57d2ab623b13b1532da21f46fc407a51980b20349136d9967a877844accf26 (00:00:02)
Task 15 | 09:41:20 | Creating new packages: greenskeeper/d97ffa6f9c80773df6eb625784ce32522c5105d52016f4a3d691a9ac5344999f (00:00:01)
Task 15 | 09:41:21 | Creating new packages: grootfs/f7b4ee3937c3d2a5328fc87acee77be31d45ecee6f680981977a1475c83446a8 (00:00:00)
Task 15 | 09:41:21 | Creating new packages: guardian/a347729f504e165947e0eeaed3c6f48f6f77e057cd6954f1e08fdbf745fb99d5 (00:00:00)
Task 15 | 09:41:21 | Creating new packages: guardian-windows/082a9186bbe53b001aa017d99f2283667a8fc48a191f07fdac1374eda7759ee3 (00:00:01)
Task 15 | 09:41:22 | Creating new packages: iptables/7a3108e45160133ba44434781ff364f395c197ba2c92db6b31cced950cf7a37a
Task 13 | 09:41:21 | Creating new packages: rep/70f6b91af1856126065b194b792525e4feb1e8e03812034bdef89f6f0e1db537 (00:00:00)
Task 13 | 09:41:21 | Creating new packages: rep_windows/dad40c29551bbe16e97453d372b74de69090c470ef905f492cd2e1aead6b1fc4 (00:00:00)
Task 13 | 09:41:21 | Creating new packages: route_emitter/2f77ee032ce1812a906e000d11abccd64933b439f9593da35945361e644248eb (00:00:00)
Task 13 | 09:41:21 | Creating new packages: route_emitter_windows/179da584ff3a889e44eeb3b2088c3af7a51330299473b05ea0ad425f65d8f097 (00:00:00)
Task 13 | 09:41:21 | Creating new packages: ssh_proxy/787e9cc60cef36da36c9c5ada8a6fb936d570e3ce4691a158c71e621739bdfd8 (00:00:00)
Task 13 | 09:41:21 | Creating new packages: vizzini/2e91e49802738edc7aa0b872e05df1e4cdfb255d783ada77ef938be8910530d5 (00:00:01)
Task 13 | 09:41:22 | Creating new packages: windows_app_lifecycle/ae397a64384eb88f442ca2f897e77a4e4041a2a864b4a798f1a3fcc84694d795 (00:00:00)
Task 13 | 09:41:22 | Creating new jobs: auctioneer/3ca6e0f09e77cff6215d22a86dd5cedd3f13a457ec159fef67d6866cc0771d5c (00:00:00)
Task 13 | 09:41:22 | Creating new jobs: bbs/f472cc296757f36e6cde320877df9faa4f351ec6fa51f7df2fe7c567ad10fb65 (00:00:00)
Task 15 | 09:41:22 | Creating new packages: iptables/7a3108e45160133ba44434781ff364f395c197ba2c92db6b31cced950cf7a37a (00:00:00)
Task 15 | 09:41:23 | Creating new packages: libseccomp/11f3a8e12b881d4d6f660d84df70d3fe99b12e1621f9e93ff66e120aec12ec96
Task 13 | 09:41:22 | Creating new jobs: benchmark-bbs/47bf16987861fbdaed78a532000088bd7b67fac000f4cc338926db2744183076 (00:00:02)
Task 15 | 09:41:24 | Creating new packages: libseccomp/11f3a8e12b881d4d6f660d84df70d3fe99b12e1621f9e93ff66e120aec12ec96 (00:00:01)
Task 15 | 09:41:24 | Creating new packages: libtool/3e211ee9e3aab09a9e8a9ff55ab9ce9ba81590d945640e2d29c078597db33a94 (00:00:01)
Task 15 | 09:41:25 | Creating new packages: lzo/7ec718ef29da337d56f08e90534f561c138c2c88b576dc5da5185d85fdd42b20 (00:00:00)
Task 15 | 09:41:25 | Creating new packages: netplugin-shim/cbdab762cda43c1ac92f2b4937d3a4d5d9f14912048c8db97f8abc6047ad5896 (00:00:00)
Task 15 | 09:41:25 | Creating new packages: pkg-config/278dbe10dcc428102e39936da0c7ddd2254cb0029ec0c9b06f545b228484187a (00:00:00)
Task 15 | 09:41:25 | Creating new packages: runc/b6bd6df5d5f9ede56bbeddc78b3e34aa0fef1433e4897c9072757bce948e234f (00:00:00)
Task 15 | 09:41:25 | Creating new packages: tar/f922f97b27619f8331332e4186c1f9c63fa5b4ddd213c4a02c7ed7cf68fced21 (00:00:00)
Task 15 | 09:41:25 | Creating new packages: thresholder/f4e483ede3a933f7aae30e29b3f4d1490768bba3aaf620290c8ed0b18ad71ff3
Task 13 | 09:41:24 | Creating new jobs: cfdot/1c44126b45b0899d89182ca7dc098d16bd8a598701bb6390180a37f1f40909c5 (00:00:01)
Task 13 | 09:41:25 | Creating new jobs: file_server/8693095591528cafd72f0409be8cebeb9d8ed27f807abffa7d01c5ec2f50e1f8 (00:00:00)
Task 13 | 09:41:25 | Creating new jobs: locket/b41688bbda9eafe423b97bfaed29b4f1d07bd8735eb3d432a0b8705862735124 (00:00:00)
Task 13 | 09:41:25 | Creating new jobs: rep/9603f88ec786c935ce952a0f4579bc2e26c9bc52b2624d348ec63e4b101802e8 (00:00:00)
Task 13 | 09:41:25 | Creating new jobs: rep_windows/e92c69d7c122062b031879269e3ae3552b0f3d4980e6af7740e2c1e0f484f9d6 (00:00:00)
Task 13 | 09:41:25 | Creating new jobs: route_emitter/df326f7739a2b4b9380f898ae03d826ab3558f30956dd5f848ec3d13851ebe16 (00:00:00)
Task 13 | 09:41:25 | Creating new jobs: route_emitter_windows/bfa63b7a17e0481aea043556d6ee052b1bd0fad96be43a1cfbe0f2d2788c6289 (00:00:00)
Task 13 | 09:41:25 | Creating new jobs: ssh_proxy/3b129b50923db10dd1a5f0c8ea206bbcdd147df271c24df0b21c87ea8dc3cd12 (00:00:00)
Task 13 | 09:41:25 | Creating new jobs: vizzini/a4280cdeaa57c167d396688faf6d94c2bb4034100ad11893f82f1f9ebdc91efa (00:00:00)
Task 13 | 09:41:25 | Release has been created: diego/2.17.0 (00:00:00)
Task 20 | 09:41:27 | Downloading remote release: Downloading remote release
Task 19 | 09:41:26 | Downloading remote release: Downloading remote release
Task 15 | 09:41:26 | Creating new packages: thresholder/f4e483ede3a933f7aae30e29b3f4d1490768bba3aaf620290c8ed0b18ad71ff3 (00:00:01)
Task 15 | 09:41:26 | Creating new packages: util-linux/6310f68e8294c980de62481bced2fc915f449e3a2cc2d13a7a2a49c4a612d825 (00:00:00)
Task 15 | 09:41:26 | Creating new packages: xfs-progs/6ce014f88e05f358621a25ce48ee036d78bdb1a935a8eb556974d3de26c8614d (00:00:00)
Task 15 | 09:41:26 | Creating new packages: zlib/98e4e7f5eebfe3831cf312d32a44f71281fcbc2577770fffd7b9601991ab31de (00:00:00)
Task 15 | 09:41:26 | Creating new jobs: containerd/d754663fa745c088de771ec8f957c38b313334bd9812f9eb3256d8b245580dae (00:00:00)
Task 15 | 09:41:26 | Creating new jobs: garden/a19e6589e60b14cafafbb80f6484e452c9ec9bf1c2c182169f33fc8c30e9073e (00:00:00)
Task 15 | 09:41:26 | Creating new jobs: garden-windows/95c331801e24ab5bc3ea23096e2ad859a92f3dc2997595984ea30d059cb727d3 (00:00:00)
Task 15 | 09:41:26 | Creating new jobs: netplugin-server/984c4150dbf15dc0ad48df1f7401ae17323f943a908e7f1c2f61e83809990ae4 (00:00:00)
Task 15 | 09:41:26 | Release has been created: garden-runc/1.16.4 (00:00:00)

Task 15 Started  Sun Oct  7 09:40:58 UTC 2018
Task 15 Finished Sun Oct  7 09:41:26 UTC 2018
Task 15 Duration 00:00:28
Task 15 done


Task 13 Started  Sun Oct  7 09:40:30 UTC 2018
Task 13 Finished Sun Oct  7 09:41:25 UTC 2018
Task 13 Duration 00:00:55
Task 13 done

Task 21
Task 22
Task 19 | 09:41:34 | Downloading remote release: Downloading remote release (00:00:08)
Task 19 | 09:41:34 | Verifying remote release: Verifying remote release (00:00:00)
Task 19 | 09:41:34 | Extracting release: Extracting release (00:00:01)
Task 19 | 09:41:35 | Verifying manifest: Verifying manifest (00:00:00)
Task 19 | 09:41:35 | Resolving package dependencies: Resolving package dependencies (00:00:00)
Task 19 | 09:41:35 | Creating new packages: gnatsd/9b75b0f42352f739d8352f00e5867263afadbcf4 (00:00:00)
Task 19 | 09:41:35 | Creating new packages: golang-1-linux/d55c618ac63dfdf4ac457346fb325fb2b04884af
Task 20 | 09:41:39 | Downloading remote release: Downloading remote release (00:00:12)
Task 20 | 09:41:39 | Verifying remote release: Verifying remote release (00:00:00)
Task 20 | 09:41:39 | Extracting release: Extracting release (00:00:00)
Task 20 | 09:41:39 | Verifying manifest: Verifying manifest (00:00:00)
Task 20 | 09:41:39 | Resolving package dependencies: Resolving package dependencies (00:00:00)
Task 20 | 09:41:39 | Creating new packages: nodejs-buildpack-cflinuxfs2/38c5fd7c09d604d52c0bf1d0bc6408804c0d54d6 (00:00:00)
Task 20 | 09:41:39 | Creating new packages: nodejs-buildpack-cflinuxfs3/02656f5f841be39b97c70239b13c60823c1a6025 (00:00:00)
Task 20 | 09:41:39 | Creating new jobs: nodejs-buildpack/5ba46f4195a4b17b060ac70b0320235dca335203 (00:00:00)
Task 20 | 09:41:39 | Release has been created: nodejs-buildpack/1.6.30 (00:00:00)

Task 20 Started  Sun Oct  7 09:41:27 UTC 2018
Task 20 Finished Sun Oct  7 09:41:39 UTC 2018
Task 20 Duration 00:00:12
Task 20 done

Task 21 | 09:41:40 | Downloading remote release: Downloading remote release
Task 19 | 09:41:41 | Creating new packages: golang-1-linux/d55c618ac63dfdf4ac457346fb325fb2b04884af (00:00:06)
Task 19 | 09:41:41 | Creating new packages: nats-smoke/81b8c1ba924073de24ed74dc9e7eabf97fc42673 (00:00:00)
Task 19 | 09:41:41 | Creating new jobs: nats/bb1419155d3b683f777fed33d62fbbbd119a8eea (00:00:00)
Task 19 | 09:41:41 | Creating new jobs: smoke-tests/5218ef64ed85ad23bc555c0fa477895adfca2007 (00:00:00)
Task 19 | 09:41:41 | Release has been created: nats/26 (00:00:00)

Task 19 Started  Sun Oct  7 09:41:26 UTC 2018
Task 19 Finished Sun Oct  7 09:41:41 UTC 2018
Task 19 Duration 00:00:15
Task 19 done

Task 21 | 09:41:42 | Downloading remote release: Downloading remote release (00:00:02)
Task 21 | 09:41:42 | Verifying remote release: Verifying remote release (00:00:00)
Task 21 | 09:41:42 | Extracting release: Extracting release (00:00:00)
Task 21 | 09:41:42 | Verifying manifest: Verifying manifest (00:00:00)
Task 21 | 09:41:42 | Resolving package dependencies: Resolving package dependencies (00:00:00)
Task 21 | 09:41:42 | Creating new packages: php-buildpack-cflinuxfs2/a531d8407b9c7b7cc1341a64a3db24da8a203ea7 (00:00:00)
Task 21 | 09:41:42 | Creating new packages: php-buildpack-cflinuxfs3/59a53c195e13f7e3d21167580fb207b51c229026 (00:00:00)
Task 21 | 09:41:42 | Creating new jobs: php-buildpack/85a129503dc8370c1d090bab932acb6981626f44 (00:00:00)
Task 21 | 09:41:42 | Release has been created: php-buildpack/4.3.59 (00:00:00)
Task 22 | 09:41:42 | Downloading remote release: Downloading remote release
Task 23

Task 21 Started  Sun Oct  7 09:41:40 UTC 2018
Task 21 Finished Sun Oct  7 09:41:42 UTC 2018
Task 21 Duration 00:00:02
Task 21 done

Task 23 | 09:41:44 | Downloading remote release: Downloading remote release
Task 24
Task 22 | 09:41:47 | Downloading remote release: Downloading remote release (00:00:05)
                   L Error: Downloading remote release failed. Check task debug log for details.
Task 22 | 09:41:47 | Error: Downloading remote release failed. Check task debug log for details.
Task 25
Task 24 | 09:41:48 | Downloading remote release: Downloading remote release

Task 22 Started  Sun Oct  7 09:41:42 UTC 2018
Task 22 Finished Sun Oct  7 09:41:47 UTC 2018
Task 22 Duration 00:00:05
Task 22 error

Task 18 | 09:41:48 | Downloading remote release: Downloading remote release (00:00:38)
Task 18 | 09:41:48 | Verifying remote release: Verifying remote release (00:00:01)
Task 18 | 09:41:49 | Extracting release: Extracting release (00:00:02)
Task 18 | 09:41:51 | Verifying manifest: Verifying manifest
Task 24 | 09:41:51 | Downloading remote release: Downloading remote release (00:00:03)
Task 24 | 09:41:51 | Verifying remote release: Verifying remote release (00:00:01)
Task 18 | 09:41:51 | Verifying manifest: Verifying manifest (00:00:00)
Task 18 | 09:41:53 | Resolving package dependencies: Resolving package dependencies (00:00:00)
Task 18 | 09:41:53 | Creating new packages: doppler/48f16179bb459b078b2429ddd469d166b053c3cc110806ea3539032fa44117ea (00:00:00)
Task 18 | 09:41:53 | Creating new packages: golang1.10.3/16aae7c4e2c51b6514102f00ea9ddf8e6958369da918d2b6a0a112def105b06f
Task 24 | 09:41:52 | Extracting release: Extracting release (00:00:01)
Task 24 | 09:41:53 | Verifying manifest: Verifying manifest (00:00:00)
Task 24 | 09:41:53 | Resolving package dependencies: Resolving package dependencies (00:00:00)
Task 24 | 09:41:53 | Creating new packages: ruby-buildpack-cflinuxfs2/ffe2d93d1f9a97b67edff3f29ca955abd75aad29 (00:00:00)
Task 24 | 09:41:53 | Creating new packages: ruby-buildpack-cflinuxfs3/eceed970dec65fd1613808b173b0160080b200d4 (00:00:00)
Task 24 | 09:41:53 | Creating new jobs: ruby-buildpack/d9d44a16b06f88607fbc26e8c4c430b8469dd5d3 (00:00:00)
Task 24 | 09:41:53 | Release has been created: ruby-buildpack/1.7.22 (00:00:00)

Task 24 Started  Sun Oct  7 09:41:48 UTC 2018
Task 24 Finished Sun Oct  7 09:41:53 UTC 2018
Task 24 Duration 00:00:05
Task 24 done

Task 25 | 09:41:54 | Downloading remote release: Downloading remote release
Task 26
Task 18 | 09:41:59 | Creating new packages: golang1.10.3/16aae7c4e2c51b6514102f00ea9ddf8e6958369da918d2b6a0a112def105b06f (00:00:06)
Task 18 | 09:41:59 | Creating new packages: golang1.10.3-windows/89d217c6be9274d7e6a41bb6d6b065801ed76467537a3d5e49c6675e85935bbb (00:00:02)
Task 18 | 09:42:01 | Creating new packages: loggregator_trafficcontroller/e25b00da7d82f351131fc12e3f20c882ed1b644d944b9fdcb50a494e21faefe1 (00:00:00)
Task 18 | 09:42:01 | Creating new packages: metron_agent/2f0339b04b177edacdb2d76be72efca2ca1990e8dec8e5d712fd62bf3294e8a3 (00:00:00)
Task 18 | 09:42:01 | Creating new packages: metron_agent_windows/8dfc2fa00828cc3da4711f209cbcfed6ba7dcd1ff46f16a0e1c1c7023758f3e7 (00:00:00)
Task 18 | 09:42:01 | Creating new packages: profiler/0b90246ed70dcefd609de5c2fb4bb6d2944e7ef0d3947a319891aff813ec8c97 (00:00:00)
Task 18 | 09:42:01 | Creating new packages: reverse_log_proxy/4138a5ba5e2f6895c3737471f4d04f12377b87e1b25e0d52071adcffa7355027 (00:00:00)
Task 18 | 09:42:01 | Creating new packages: reverse_log_proxy_gateway/3a41e805a2cfb963783213593dae8ade1645070c858844fe8760045d96452beb (00:00:00)
Task 18 | 09:42:01 | Creating new jobs: doppler/15070fd57315c5ed31e751cab0cc445be7e053e2564e9f0c3d56eaf902c20b1c (00:00:00)
Task 18 | 09:42:01 | Creating new jobs: loggregator_trafficcontroller/0abcd175bf741ab5a66ef50192f6495e800b53e98c48f6694a38fe933f914171 (00:00:00)
Task 18 | 09:42:01 | Creating new jobs: metron_agent/4c5f92c54115900128d7083bde917c60a3a899a3197c2ba034a99f1b884736bd (00:00:00)
Task 18 | 09:42:01 | Creating new jobs: metron_agent_windows/95089e06f108387a2c40c59f7a32fdad4ba3dbfc48bd031a11588d5187a1adcc (00:00:00)
Task 18 | 09:42:01 | Creating new jobs: reverse_log_proxy/794ad902768e1ae62e28d1a66329958a8b2b22fad72c7d320a48298ff6526909 (00:00:00)
Task 18 | 09:42:01 | Creating new jobs: reverse_log_proxy_gateway/04116fe9a418506e550ece58bfcc8ebce19587005a17f7a024467870da2ef7dd (00:00:01)
Task 18 | 09:42:02 | Release has been created: loggregator/103.2 (00:00:00)
Task 26 | 09:42:02 | Downloading remote release: Downloading remote release

Task 18 Started  Sun Oct  7 09:41:10 UTC 2018
Task 18 Finished Sun Oct  7 09:42:02 UTC 2018
Task 18 Duration 00:00:52
Task 18 done
 (00:00:01)
Task 26 | 09:42:03 | Verifying remote release: Verifying remote release (00:00:00)
Task 26 | 09:42:03 | Extracting release: Extracting release (00:00:01)
Task 26 | 09:42:04 | Verifying manifest: Verifying manifest (00:00:00)
Task 26 | 09:42:04 | Resolving package dependencies: Resolving package dependencies (00:00:00)
Task 26 | 09:42:04 | Creating new packages: staticfile-buildpack-cflinuxfs2/b5b83715e98cb0de468757f48f56a081e56b94e6 (00:00:00)
Task 26 | 09:42:04 | Creating new packages: staticfile-buildpack-cflinuxfs3/ca111c707af9964da383d464742627987072fc1a (00:00:00)
Task 26 | 09:42:04 | Creating new jobs: staticfile-buildpack/609e6f2b4c16adf44be603640f1a93502944a5a6 (00:00:00)
Task 26 | 09:42:04 | Release has been created: staticfile-buildpack/1.4.31 (00:00:00)

Task 26 Started  Sun Oct  7 09:42:02 UTC 2018
Task 26 Finished Sun Oct  7 09:42:04 UTC 2018
Task 26 Duration 00:00:02
Task 26 done

Task 27

Task 27 | 09:42:07 | Downloading remote release: Downloading remote release
Task 28
Task 23 | 09:42:33 | Downloading remote release: Downloading remote release (00:00:49)
Task 23 | 09:42:33 | Verifying remote release: Verifying remote release (00:00:01)
Task 23 | 09:42:34 | Extracting release: Extracting release (00:00:01)
Task 23 | 09:42:35 | Verifying manifest: Verifying manifest (00:00:00)
Task 23 | 09:42:35 | Resolving package dependencies: Resolving package dependencies (00:00:00)
Task 23 | 09:42:35 | Creating new packages: acceptance_tests/084ba1a487afc38b76ac2def5ac5bfc5ea759f29d594b5a4289fe0ded42ec903 (00:00:01)
Task 23 | 09:42:36 | Creating new packages: cf-cli-6-linux/befd4c245c53f8e59948ed7693d2372d3841c08d (00:00:00)
Task 23 | 09:42:36 | Creating new packages: golang-1-linux/8fb48ae1b653b7d0b49d0cbcea856bb8da8a5700 (00:00:01)
Task 23 | 09:42:37 | Creating new packages: gorouter/13c386686a495917c6a40d9a2929d622a64dd822db059e363b31388b73f9c034 (00:00:00)
Task 23 | 09:42:37 | Creating new packages: haproxy/a573fdd5c50a47c1a649c356beed073e27534ddf5fdd1aea9e8c890eddf83780 (00:00:00)
Task 23 | 09:42:37 | Creating new packages: route_registrar/5205ea1a4c7b5258d6bbe7e27d37a48f664bd9bc3372a4cdb97ad93018bcd49a (00:00:00)
Task 23 | 09:42:37 | Creating new packages: routing-api/e48eef5dee5ebd121571b3c016e9a89fa17eaed2768bf646e1f1bf67fb3501ed (00:00:01)
Task 23 | 09:42:38 | Creating new packages: routing_utils/ee6362cf2ec3efbb0269e99dcb98606a485a17abb3e749c3039426d7e09f6e97 (00:00:00)
Task 23 | 09:42:38 | Creating new packages: rtr/c0622d6a22d07ad853f05822c04ef4e1cc9f633632186eb3e59b3958ba12c2c8 (00:00:00)
Task 23 | 09:42:38 | Creating new packages: tcp_router/08e9e93cb14e13da3d0e2ac1f048b821144cf014eefb71c6bd9000a6fa315c26 (00:00:00)
Task 23 | 09:42:38 | Creating new jobs: acceptance_tests/90da9f9e6226d976512801243e1d85e6c43bb89922dd5d70a29f8707af0c2234 (00:00:00)
Task 23 | 09:42:38 | Creating new jobs: bbr-routingdb/794530916f5308c8baf8cfb5630ec37ac850264ca3d544e31d21fbca4397e3fa (00:00:00)
Task 23 | 09:42:38 | Creating new jobs: gorouter/9b74b5bb341d28c61ac9dab608139f143a4f6ebb99bb08ca71289936f627eee6 (00:00:00)
Task 23 | 09:42:38 | Creating new jobs: route_registrar/bfec00eddc7d74e68615e0a4ddea881ea0052ff7ee12dafd4dc43907d5e8db25 (00:00:00)
Task 23 | 09:42:38 | Creating new jobs: routing-api/66f6250e8fb8d25800bd5ce9038a93e8c0b353c7323c0a25d9c679be4bf37650 (00:00:00)
Task 23 | 09:42:38 | Creating new jobs: smoke_tests/cc082a4d62756ae3cafb870fcdd79889cd77b15f9579a050195228ee3f10ca50 (00:00:00)
Task 23 | 09:42:38 | Creating new jobs: tcp_router/ba5f0949247c94dbf58addff51e9c65055bce03452df68df1a2bc2bcda74b577 (00:00:01)
Task 23 | 09:42:39 | Release has been created: routing/0.182.0 (00:00:00)
Task 28 | 09:42:39 | Downloading remote release: Downloading remote release

Task 23 Started  Sun Oct  7 09:41:44 UTC 2018
Task 23 Finished Sun Oct  7 09:42:39 UTC 2018
Task 23 Duration 00:00:55
Task 23 done

Task 29
Task 28 | 09:42:52 | Downloading remote release: Downloading remote release (00:00:13)
Task 28 | 09:42:52 | Verifying remote release: Verifying remote release (00:00:01)
Task 28 | 09:42:53 | Extracting release: Extracting release (00:00:02)
Task 28 | 09:42:55 | Verifying manifest: Verifying manifest (00:00:00)
Task 28 | 09:42:55 | Resolving package dependencies: Resolving package dependencies (00:00:00)
Task 28 | 09:42:55 | Creating new packages: golang-1.10-linux/1baefde79e99ed3d1df72084315333032a294e59 (00:00:01)
Task 28 | 09:42:56 | Creating new packages: uaa/4d93e57129b9bb25c90fdbc9e98de4ebf078ad0f (00:00:02)
Task 28 | 09:42:58 | Creating new packages: uaa_postgres/42df2bc21212094a1b61e3db697ab1c61260cb59 (00:00:00)
Task 28 | 09:42:58 | Creating new packages: uaa_rotator/ea93fb4e077cc3886a5dbfb402e6480f94321af1
Task 29 | 09:43:00 | Downloading remote release: Downloading remote release
Task 28 | 09:42:59 | Creating new packages: uaa_rotator/ea93fb4e077cc3886a5dbfb402e6480f94321af1 (00:00:01)
Task 28 | 09:42:59 | Creating new packages: uaa_utils/90097ea98715a560867052a2ff0916ec3460aabb (00:00:00)
Task 28 | 09:42:59 | Creating new jobs: bbr-uaadb/3a3b455d3de6d7f3e5196f5fe8efe63f1b18b160 (00:00:00)
Task 28 | 09:42:59 | Creating new jobs: uaa/df45d79c2845e194adffd246a9905520443077e5 (00:00:00)
Task 28 | 09:42:59 | Creating new jobs: uaa_key_rotator/9f01e290f1086570487a3664a14ca86040d55141 (00:00:00)
Task 28 | 09:42:59 | Creating new jobs: uaa_postgres/79fe0a96f112f08932b265cabc43f473c77e607c (00:00:00)
Task 28 | 09:42:59 | Release has been created: uaa/61.0 (00:00:00)

Task 28 Started  Sun Oct  7 09:42:39 UTC 2018
Task 28 Finished Sun Oct  7 09:42:59 UTC 2018
Task 28 Duration 00:00:20
Task 28 done

Task 30
Task 27 | 09:43:11 | Downloading remote release: Downloading remote release (00:01:04)
Task 27 | 09:43:11 | Verifying remote release: Verifying remote release (00:00:00)
Task 27 | 09:43:11 | Extracting release: Extracting release (00:00:01)
Task 27 | 09:43:12 | Verifying manifest: Verifying manifest (00:00:00)
Task 27 | 09:43:12 | Resolving package dependencies: Resolving package dependencies (00:00:00)
Task 27 | 09:43:12 | Creating new packages: golang1.9.4/56d6cf267fef3a0a12c73da875e374ea19d6f23975808d813230cb904466404f (00:00:01)
Task 27 | 09:43:13 | Creating new packages: statsd_injector/0a87e3580066d3ad0ddad93b853ad2ac0c6af638aaf6fbc902176b2398eeb5b0 (00:00:00)
Task 27 | 09:43:13 | Creating new jobs: statsd_injector/59cdb3bb81ba2db9745b206929e7c32a32efd3f5b17b510a49b4bfffa053c3eb
Task 30 | 09:43:14 | Downloading remote release: Downloading remote release
Task 27 | 09:43:14 | Creating new jobs: statsd_injector/59cdb3bb81ba2db9745b206929e7c32a32efd3f5b17b510a49b4bfffa053c3eb (00:00:01)
Task 27 | 09:43:14 | Release has been created: statsd-injector/1.3.0 (00:00:00)

Task 27 Started  Sun Oct  7 09:42:07 UTC 2018
Task 27 Finished Sun Oct  7 09:43:14 UTC 2018
Task 27 Duration 00:01:07
Task 27 done

Task 31
Task 29 | 09:43:29 | Downloading remote release: Downloading remote release (00:00:29)
Task 29 | 09:43:29 | Verifying remote release: Verifying remote release (00:00:00)
Task 29 | 09:43:29 | Extracting release: Extracting release (00:00:02)
Task 29 | 09:43:31 | Verifying manifest: Verifying manifest (00:00:00)
Task 29 | 09:43:33 | Resolving package dependencies: Resolving package dependencies (00:00:00)
Task 29 | 09:43:33 | Creating new packages: golang1.10.3/16aae7c4e2c51b6514102f00ea9ddf8e6958369da918d2b6a0a112def105b06f (00:00:06)
Task 29 | 09:43:39 | Creating new packages: golang1.10.3-windows/89d217c6be9274d7e6a41bb6d6b065801ed76467537a3d5e49c6675e85935bbb
Task 25 | 09:43:44 | Downloading remote release: Downloading remote release (00:01:50)
Task 25 | 09:43:44 | Verifying remote release: Verifying remote release
Task 29 | 09:43:45 | Creating new packages: golang1.10.3-windows/89d217c6be9274d7e6a41bb6d6b065801ed76467537a3d5e49c6675e85935bbb (00:00:06)
Task 29 | 09:43:45 | Creating new packages: loggregator_agent/055e17e04394102719ba19bd13b52882793c48dec776c15b03edb44e006392c0 (00:00:00)
Task 29 | 09:43:45 | Creating new packages: loggregator_agent_windows/59fd91dac5a2976dbf7fbc403a8ad9bbe3c88884f22f28066bd9f9924a2cb9b4 (00:00:00)
Task 29 | 09:43:45 | Creating new packages: prom_scraper/ad5f05d511aa333418b0eaeed63dcfa4b167206aa0f4e8960240da4fbdd9e90e (00:00:00)
Task 29 | 09:43:45 | Creating new jobs: loggregator_agent/78fb48fba69c6f402ed76afd0e5b0bdafcdf45088d8aa103285474023fe61fdd (00:00:00)
Task 29 | 09:43:45 | Creating new jobs: loggregator_agent_windows/2b18e3821ef50cae1e29c14e065469ab97f70aadbb26af1d4d5f85a6684ebe5a (00:00:00)
Task 29 | 09:43:45 | Creating new jobs: prom_scraper/2dd5c397fcfdc61283714b48f8245a79f0b60976018690b7df294cd4ce1010f3 (00:00:00)
Task 29 | 09:43:45 | Release has been created: loggregator-agent/2.2 (00:00:00)
Task 25 | 09:43:45 | Verifying remote release: Verifying remote release (00:00:01)
Task 25 | 09:43:45 | Extracting release: Extracting release (00:00:01)
Task 25 | 09:43:46 | Verifying manifest: Verifying manifest (00:00:00)
Task 25 | 09:43:46 | Resolving package dependencies: Resolving package dependencies (00:00:00)
Task 25 | 09:43:46 | Creating new packages: golang-1.10-linux/84480dd6f6ab2d61546f28c05ed2705c9c642607
Task 31 | 09:43:46 | Downloading remote release: Downloading remote release

Task 29 Started  Sun Oct  7 09:43:00 UTC 2018
Task 29 Finished Sun Oct  7 09:43:45 UTC 2018
Task 29 Duration 00:00:45
Task 29 done

Task 32
Task 30 | 09:43:52 | Downloading remote release: Downloading remote release (00:00:38)
Task 30 | 09:43:52 | Verifying remote release: Verifying remote release (00:00:00)
Task 30 | 09:43:52 | Extracting release: Extracting release
Task 25 | 09:43:52 | Creating new packages: golang-1.10-linux/84480dd6f6ab2d61546f28c05ed2705c9c642607 (00:00:06)
Task 25 | 09:43:52 | Creating new packages: iptables-logger/415f3c5f261383b8e4c4f09fa31f07f3a077a81b (00:00:00)
Task 25 | 09:43:52 | Creating new packages: netmon/664ea30869e681c5cddc6c0379c1a8e391e2492f (00:00:00)
Task 25 | 09:43:52 | Creating new packages: silk-cni/0d2bf0c3c8ae2a1f8790776f25cc7ba7b219a0c1 (00:00:00)
Task 25 | 09:43:52 | Creating new packages: silk-controller/b793002b15bc1b4c7f6ba895eb9e3bb7421f2f78 (00:00:00)
Task 25 | 09:43:52 | Creating new packages: silk-ctl-utils/ca3d37b0be703c97306066da19e8105c92676f60 (00:00:00)
Task 25 | 09:43:52 | Creating new packages: silk-daemon/fde54a2b78906a5a665cff941d81b7c3d2637218 (00:00:00)
Task 25 | 09:43:52 | Creating new packages: vxlan-policy-agent/4424fa8c784245a7f7859a4527e306ae952b7d3b (00:00:01)
Task 25 | 09:43:53 | Creating new jobs: iptables-logger/16c8087b618f19b13f35a65be39a2c75b966fcd4 (00:00:00)
Task 25 | 09:43:53 | Creating new jobs: netmon/0c26fd5765708d031474ac13f71eab35751b1046 (00:00:00)
Task 25 | 09:43:53 | Creating new jobs: silk-cni/9ae6d187c20e91c99b1ea4f2c0a10b9e906aa443 (00:00:00)
Task 25 | 09:43:53 | Creating new jobs: silk-controller/747328e11346e2531f412839ee4ba999cb64185f (00:00:00)
Task 25 | 09:43:53 | Creating new jobs: silk-daemon/a465e0d39ae8dd27fc1abf30c246fefe00d3737b (00:00:00)
Task 25 | 09:43:53 | Creating new jobs: vxlan-policy-agent/0d2d0c43f80aa6609c5f1e7339a835baae2ec479 (00:00:00)
Task 25 | 09:43:53 | Release has been created: silk/2.16.0 (00:00:00)
Task 32 | 09:43:54 | Downloading remote release: Downloading remote release
Task 30 | 09:43:53 | Extracting release: Extracting release (00:00:01)
Task 30 | 09:43:53 | Verifying manifest: Verifying manifest (00:00:00)
Task 30 | 09:43:53 | Resolving package dependencies: Resolving package dependencies (00:00:00)
Task 30 | 09:43:53 | Creating new packages: golang1.10.3/16aae7c4e2c51b6514102f00ea9ddf8e6958369da918d2b6a0a112def105b06f

Task 25 Started  Sun Oct  7 09:41:54 UTC 2018
Task 25 Finished Sun Oct  7 09:43:53 UTC 2018
Task 25 Duration 00:01:59
Task 25 done

Task 32 | 09:43:55 | Downloading remote release: Downloading remote release (00:00:01)
Task 32 | 09:43:55 | Verifying remote release: Verifying remote release (00:00:00)
Task 32 | 09:43:55 | Extracting release: Extracting release (00:00:00)
Task 32 | 09:43:55 | Verifying manifest: Verifying manifest (00:00:00)
Task 32 | 09:43:55 | Resolving package dependencies: Resolving package dependencies (00:00:00)
Task 32 | 09:43:55 | Creating new packages: cf-cli-6-linux/cab61fce958ba82c79b189c3d3da79f21fef1f9c (00:00:00)
Task 32 | 09:43:55 | Creating new jobs: cf-cli-6-linux/c6b27391a0492eafa81edf554c991db3a6947db0 (00:00:00)
Task 32 | 09:43:55 | Creating new jobs: cf-cli-6-linux-test/10160b5404849e20927ad7a927ad35fcfe42327b (00:00:00)
Task 32 | 09:43:55 | Release has been created: cf-cli/1.8.0 (00:00:00)
Task 31 | 09:43:57 | Downloading remote release: Downloading remote release (00:00:11)
Task 31 | 09:43:57 | Verifying remote release: Verifying remote release (00:00:00)
Task 31 | 09:43:57 | Extracting release: Extracting release (00:00:00)
Task 31 | 09:43:57 | Verifying manifest: Verifying manifest (00:00:00)

Task 32 Started  Sun Oct  7 09:43:54 UTC 2018
Task 32 Finished Sun Oct  7 09:43:55 UTC 2018
Task 32 Duration 00:00:01
Task 32 done

Task 31 | 09:43:57 | Resolving package dependencies: Resolving package dependencies (00:00:00)
Task 31 | 09:43:57 | Creating new jobs: bosh-dns-aliases/49c14fa1edcc0c2cf7b43f4f8c4d44f96ce1d91a (00:00:00)
Task 31 | 09:43:57 | Creating new jobs: bosh-dns-handlers/92cc86ca4cdb5c48a1653f6466ba351d4fc9074e (00:00:01)
Task 31 | 09:43:58 | Release has been created: bosh-dns-aliases/0.0.3 (00:00:00)

Task 31 Started  Sun Oct  7 09:43:46 UTC 2018
Task 31 Finished Sun Oct  7 09:43:58 UTC 2018
Task 31 Duration 00:00:12
Task 31 done

Task 30 | 09:43:59 | Creating new packages: golang1.10.3/16aae7c4e2c51b6514102f00ea9ddf8e6958369da918d2b6a0a112def105b06f (00:00:06)
Task 30 | 09:43:59 | Creating new packages: log-cache/863642d1689e66a971cfa40d1b2077343f78fb833b7f768dc42fb3e2e0c582e1 (00:00:00)
Task 30 | 09:43:59 | Creating new packages: log-cache-blackbox/e21933f0d72b524650a2dda2ca3c8bf02abcf4880c3a3f501258fcaebbf8985c (00:00:00)
Task 30 | 09:43:59 | Creating new packages: log-cache-cf-auth-proxy/a5b058b102ac5b4c8a12844839061cbbb95f6eecf9ad3fe4d39102c6ccec6bc1 (00:00:01)
Task 30 | 09:44:00 | Creating new packages: log-cache-expvar-forwarder/bc149b3011c6f5313308203b6584f92c589caa47c0aab1b5a7de1eadaa58e107 (00:00:00)
Task 30 | 09:44:00 | Creating new packages: log-cache-gateway/94077cc495a390699f447c39b116868810d356ec7bc77e4245eb7d514ce68bc9 (00:00:00)
Task 30 | 09:44:00 | Creating new packages: log-cache-group-reader/17dbeff1a0b7bffada102b4420ef10b83063cbc5081e92ce8443fcc1d0762d43 (00:00:00)
Task 30 | 09:44:00 | Creating new packages: log-cache-nozzle/72039b419d7e770324175cdd52c2801c04ee8915afb8f8b6b3a76a6e699b8415 (00:00:00)
Task 30 | 09:44:00 | Creating new packages: log-cache-scheduler/af0279c499fc6439e8c26b3330732b557fbcc57a66b45075ddb32d79c9ef8a12 (00:00:00)
Task 30 | 09:44:00 | Creating new jobs: log-cache/40c7db0d5c2e214d3b563431ad544e695950e9b6eb2e5c5e79bfdfff92dc8039 (00:00:00)
Task 30 | 09:44:00 | Creating new jobs: log-cache-blackbox/6d84acc57e850e5a188fabbde1a27cabed80e03871112ce9cac5cd74a7ccfb37 (00:00:00)
Task 30 | 09:44:00 | Creating new jobs: log-cache-cf-auth-proxy/fe60b584cbcf5a35455ab1b44cacae8f981f5046db6801713feb37c15200ed86 (00:00:00)
Task 30 | 09:44:00 | Creating new jobs: log-cache-expvar-forwarder/70cb90529c5303edc9bbf7428455c6ad47445325fc0cd9100f67814950de7147 (00:00:00)
Task 30 | 09:44:00 | Creating new jobs: log-cache-gateway/0c7b17bf31e818cfdada4847f1212d4052794562756a57d425f86e9dc003cd7e (00:00:01)
Task 30 | 09:44:01 | Creating new jobs: log-cache-group-reader/b42cfab15b4fc3149bb6fb4e56ae9c2c1d55cb97cbf517688da8aef82bb16fde (00:00:00)
Task 30 | 09:44:01 | Creating new jobs: log-cache-nozzle/39be0cbef45bed51b771c6026413db62a2939d826091b79ae13c67251f294f9a (00:00:00)
Task 30 | 09:44:01 | Creating new jobs: log-cache-scheduler/87a19d16eb1f1409fe6d67f144e5c22ab63645a10f7a03f4c7b024b7f4002a35 (00:00:00)
Task 30 | 09:44:01 | Release has been created: log-cache/1.4.4 (00:00:00)

Task 30 Started  Sun Oct  7 09:43:14 UTC 2018
Task 30 Finished Sun Oct  7 09:44:01 UTC 2018
Task 30 Duration 00:00:47
Task 30 done


